# JRE version: Java(TM) SE Runtime Environment (21.0.2+13) (build 21.0.2+13-LTS-58)
# Java VM: Java HotSpot(TM) 64-Bit Server VM (21.0.2+13-LTS-58, mixed mode, emulated-client, sharing, tiered, compressed oops, compressed class ptrs, g1 gc, windows-amd64)
GC Precious Log:
 CardTable entry size: 512
 Card Set container configuration: InlinePtr #cards 4 size 8 Array Of Cards #cards 16 size 48 Howl #buckets 8 coarsen threshold 3686 Howl Bitmap #cards 512 size 80 coarsen threshold 460 Card regions per heap region 1 cards per card region 4096
 CPUs: 8 total, 8 available
 Memory: 16270M
 Large Page Support: Disabled
 NUMA Support: Disabled
 Compressed Oops: Enabled (Zero based)
 Heap Region Size: 2M
 Heap Min Capacity: 8M
 Heap Initial Capacity: 256M
 Heap Max Capacity: 4068M
 Pre-touch: Disabled
 Parallel Workers: 8
 Concurrent Workers: 2
 Concurrent Refinement Workers: 8
 Periodic GC: Disabled
Heap:
 garbage-first heap   total 122880K, used 42553K [0x0000000701c00000, 0x0000000800000000)
  region size 2048K, 7 young (14336K), 3 survivors (6144K)
 Metaspace       used 89152K, committed 90176K, reserved 1179648K
  class space    used 12213K, committed 12672K, reserved 1048576K
GC Heap History (20 events):
Event: 6.155 GC heap before
{Heap before GC invocations=17 (full 0):
 garbage-first heap   total 98304K, used 76146K [0x0000000701c00000, 0x0000000800000000)
  region size 2048K, 28 young (57344K), 3 survivors (6144K)
 Metaspace       used 63088K, committed 63872K, reserved 1114112K
  class space    used 8689K, committed 9024K, reserved 1048576K
}
Event: 6.161 GC heap after
{Heap after GC invocations=18 (full 0):
 garbage-first heap   total 118784K, used 28665K [0x0000000701c00000, 0x0000000800000000)
  region size 2048K, 3 young (6144K), 3 survivors (6144K)
 Metaspace       used 63088K, committed 63872K, reserved 1114112K
  class space    used 8689K, committed 9024K, reserved 1048576K
}
Event: 6.713 GC heap before
{Heap before GC invocations=18 (full 0):
 garbage-first heap   total 118784K, used 90105K [0x0000000701c00000, 0x0000000800000000)
  region size 2048K, 34 young (69632K), 3 survivors (6144K)
 Metaspace       used 68611K, committed 69312K, reserved 1114112K
  class space    used 9530K, committed 9856K, reserved 1048576K
}
Event: 6.719 GC heap after
{Heap after GC invocations=19 (full 0):
 garbage-first heap   total 118784K, used 31085K [0x0000000701c00000, 0x0000000800000000)
  region size 2048K, 4 young (8192K), 4 survivors (8192K)
 Metaspace       used 68611K, committed 69312K, reserved 1114112K
  class space    used 9530K, committed 9856K, reserved 1048576K
}
Event: 7.173 GC heap before
{Heap before GC invocations=19 (full 0):
 garbage-first heap   total 118784K, used 92525K [0x0000000701c00000, 0x0000000800000000)
  region size 2048K, 34 young (69632K), 4 survivors (8192K)
 Metaspace       used 72419K, committed 73152K, reserved 1114112K
  class space    used 10250K, committed 10560K, reserved 1048576K
}
Event: 7.180 GC heap after
{Heap after GC invocations=20 (full 0):
 garbage-first heap   total 118784K, used 34176K [0x0000000701c00000, 0x0000000800000000)
  region size 2048K, 4 young (8192K), 4 survivors (8192K)
 Metaspace       used 72419K, committed 73152K, reserved 1114112K
  class space    used 10250K, committed 10560K, reserved 1048576K
}
Event: 12.837 GC heap before
{Heap before GC invocations=20 (full 0):
 garbage-first heap   total 118784K, used 95616K [0x0000000701c00000, 0x0000000800000000)
  region size 2048K, 34 young (69632K), 4 survivors (8192K)
 Metaspace       used 76808K, committed 77632K, reserved 1179648K
  class space    used 10883K, committed 11264K, reserved 1048576K
}
Event: 12.845 GC heap after
{Heap after GC invocations=21 (full 0):
 garbage-first heap   total 118784K, used 37109K [0x0000000701c00000, 0x0000000800000000)
  region size 2048K, 3 young (6144K), 3 survivors (6144K)
 Metaspace       used 76808K, committed 77632K, reserved 1179648K
  class space    used 10883K, committed 11264K, reserved 1048576K
}
Event: 13.170 GC heap before
{Heap before GC invocations=21 (full 0):
 garbage-first heap   total 118784K, used 69877K [0x0000000701c00000, 0x0000000800000000)
  region size 2048K, 21 young (43008K), 3 survivors (6144K)
 Metaspace       used 80133K, committed 80896K, reserved 1179648K
  class space    used 11342K, committed 11712K, reserved 1048576K
}
Event: 13.176 GC heap after
{Heap after GC invocations=22 (full 0):
 garbage-first heap   total 118784K, used 38409K [0x0000000701c00000, 0x0000000800000000)
  region size 2048K, 3 young (6144K), 3 survivors (6144K)
 Metaspace       used 80133K, committed 80896K, reserved 1179648K
  class space    used 11342K, committed 11712K, reserved 1048576K
}
Event: 13.669 GC heap before
{Heap before GC invocations=23 (full 0):
 garbage-first heap   total 118784K, used 99849K [0x0000000701c00000, 0x0000000800000000)
  region size 2048K, 34 young (69632K), 3 survivors (6144K)
 Metaspace       used 85423K, committed 86272K, reserved 1179648K
  class space    used 11871K, committed 12288K, reserved 1048576K
}
Event: 13.674 GC heap after
{Heap after GC invocations=24 (full 0):
 garbage-first heap   total 143360K, used 39714K [0x0000000701c00000, 0x0000000800000000)
  region size 2048K, 3 young (6144K), 3 survivors (6144K)
 Metaspace       used 85423K, committed 86272K, reserved 1179648K
  class space    used 11871K, committed 12288K, reserved 1048576K
}
Event: 356.456 GC heap before
{Heap before GC invocations=24 (full 0):
 garbage-first heap   total 143360K, used 111394K [0x0000000701c00000, 0x0000000800000000)
  region size 2048K, 40 young (81920K), 3 survivors (6144K)
 Metaspace       used 88729K, committed 89600K, reserved 1179648K
  class space    used 12240K, committed 12608K, reserved 1048576K
}
Event: 356.515 GC heap after
{Heap after GC invocations=25 (full 1):
 garbage-first heap   total 131072K, used 33714K [0x0000000701c00000, 0x0000000800000000)
  region size 2048K, 0 young (0K), 0 survivors (0K)
 Metaspace       used 88706K, committed 89600K, reserved 1179648K
  class space    used 12238K, committed 12608K, reserved 1048576K
}
Event: 357.555 GC heap before
{Heap before GC invocations=25 (full 1):
 garbage-first heap   total 131072K, used 111538K [0x0000000701c00000, 0x0000000800000000)
  region size 2048K, 38 young (77824K), 0 survivors (0K)
 Metaspace       used 89063K, committed 89920K, reserved 1179648K
  class space    used 12274K, committed 12672K, reserved 1048576K
}
Event: 357.559 GC heap after
{Heap after GC invocations=26 (full 1):
 garbage-first heap   total 131072K, used 39040K [0x0000000701c00000, 0x0000000800000000)
  region size 2048K, 3 young (6144K), 3 survivors (6144K)
 Metaspace       used 89063K, committed 89920K, reserved 1179648K
  class space    used 12274K, committed 12672K, reserved 1048576K
}
Event: 374.655 GC heap before
{Heap before GC invocations=27 (full 1):
 garbage-first heap   total 131072K, used 63616K [0x0000000701c00000, 0x0000000800000000)
  region size 2048K, 16 young (32768K), 3 survivors (6144K)
 Metaspace       used 88740K, committed 89984K, reserved 1179648K
  class space    used 12174K, committed 12672K, reserved 1048576K
}
Event: 374.713 GC heap after
{Heap after GC invocations=28 (full 2):
 garbage-first heap   total 122880K, used 31312K [0x0000000701c00000, 0x0000000800000000)
  region size 2048K, 0 young (0K), 0 survivors (0K)
 Metaspace       used 88730K, committed 89984K, reserved 1179648K
  class space    used 12172K, committed 12672K, reserved 1048576K
}
Event: 375.675 GC heap before
{Heap before GC invocations=28 (full 2):
 garbage-first heap   total 122880K, used 102992K [0x0000000701c00000, 0x0000000800000000)
  region size 2048K, 36 young (73728K), 0 survivors (0K)
 Metaspace       used 89032K, committed 90048K, reserved 1179648K
  class space    used 12205K, committed 12672K, reserved 1048576K
}
Event: 375.680 GC heap after
{Heap after GC invocations=29 (full 2):
 garbage-first heap   total 122880K, used 36409K [0x0000000701c00000, 0x0000000800000000)
  region size 2048K, 3 young (6144K), 3 survivors (6144K)
 Metaspace       used 89032K, committed 90048K, reserved 1179648K
  class space    used 12205K, committed 12672K, reserved 1048576K
}

